[PngImagePlugin.py:197] - 2024-09-13 22:01:51,292 - DEBUG - STREAM b'IHDR' 16 13
[PngImagePlugin.py:197] - 2024-09-13 22:01:51,292 - DEBUG - STREAM b'sRGB' 41 1
[PngImagePlugin.py:197] - 2024-09-13 22:01:51,292 - DEBUG - STREAM b'IDAT' 54 8192
[PngImagePlugin.py:197] - 2024-09-13 22:01:51,292 - DEBUG - STREAM b'IHDR' 16 13
[PngImagePlugin.py:197] - 2024-09-13 22:01:51,292 - DEBUG - STREAM b'sRGB' 41 1
[PngImagePlugin.py:197] - 2024-09-13 22:01:51,293 - DEBUG - STREAM b'IDAT' 54 8192
[PngImagePlugin.py:197] - 2024-09-13 22:01:51,293 - DEBUG - STREAM b'IHDR' 16 13
[PngImagePlugin.py:197] - 2024-09-13 22:01:51,293 - DEBUG - STREAM b'sRGB' 41 1
[PngImagePlugin.py:197] - 2024-09-13 22:01:51,293 - DEBUG - STREAM b'IDAT' 54 8192
[PngImagePlugin.py:197] - 2024-09-13 22:01:51,293 - DEBUG - STREAM b'IHDR' 16 13
[PngImagePlugin.py:197] - 2024-09-13 22:01:51,293 - DEBUG - STREAM b'sRGB' 41 1
[PngImagePlugin.py:197] - 2024-09-13 22:01:51,293 - DEBUG - STREAM b'gAMA' 54 4
[PngImagePlugin.py:197] - 2024-09-13 22:01:51,294 - DEBUG - STREAM b'pHYs' 70 9
[PngImagePlugin.py:197] - 2024-09-13 22:01:51,294 - DEBUG - STREAM b'IDAT' 91 766
[PngImagePlugin.py:197] - 2024-09-13 22:01:51,294 - DEBUG - STREAM b'IHDR' 16 13
[PngImagePlugin.py:197] - 2024-09-13 22:01:51,294 - DEBUG - STREAM b'sRGB' 41 1
[PngImagePlugin.py:197] - 2024-09-13 22:01:51,294 - DEBUG - STREAM b'gAMA' 54 4
[PngImagePlugin.py:197] - 2024-09-13 22:01:51,294 - DEBUG - STREAM b'pHYs' 70 9
[PngImagePlugin.py:197] - 2024-09-13 22:01:51,294 - DEBUG - STREAM b'IDAT' 91 601
[PngImagePlugin.py:197] - 2024-09-13 22:01:51,294 - DEBUG - STREAM b'IHDR' 16 13
[PngImagePlugin.py:197] - 2024-09-13 22:01:51,294 - DEBUG - STREAM b'sRGB' 41 1
[PngImagePlugin.py:197] - 2024-09-13 22:01:51,294 - DEBUG - STREAM b'gAMA' 54 4
[PngImagePlugin.py:197] - 2024-09-13 22:01:51,294 - DEBUG - STREAM b'pHYs' 70 9
[PngImagePlugin.py:197] - 2024-09-13 22:01:51,294 - DEBUG - STREAM b'IDAT' 91 1063
